<?xml version="1.0" encoding="UTF-8"?>
<testng-results ignored="0" total="2" passed="2" failed="0" skipped="0">
  <reporter-output>
  </reporter-output>
  <suite started-at="2018-07-12T18:58:21Z" name="Default suite" finished-at="2018-07-12T18:58:21Z" duration-ms="81">
    <groups>
    </groups>
    <test started-at="2018-07-12T18:58:21Z" name="Default test" finished-at="2018-07-12T18:58:21Z" duration-ms="81">
      <class name="TestNGBasics.TestNGFeatures1">
        <test-method signature="Login()[pri:0, instance:TestNGBasics.TestNGFeatures1@5f8edcc5]" started-at="2018-07-12T18:58:21Z" name="Login" finished-at="2018-07-12T18:58:21Z" duration-ms="28" status="PASS">
          <reporter-output>
          </reporter-output>
        </test-method> <!-- Login -->
        <test-method signature="Logout()[pri:0, instance:TestNGBasics.TestNGFeatures1@5f8edcc5]" started-at="2018-07-12T18:58:21Z" name="Logout" finished-at="2018-07-12T18:58:21Z" depends-on-methods="TestNGBasics.TestNGFeatures1.Login" duration-ms="2" status="PASS">
          <reporter-output>
          </reporter-output>
        </test-method> <!-- Logout -->
      </class> <!-- TestNGBasics.TestNGFeatures1 -->
    </test> <!-- Default test -->
  </suite> <!-- Default suite -->
</testng-results>
